<?xml version="1.0" encoding="UTF-8"?>
<!-- Generated by org.testng.reporters.JUnitXMLReporter -->
<testsuite ignored="0" hostname="Surya" failures="0" tests="4" name="Test" time="0.089" errors="0" timestamp="2021-05-19T11:28:46 IST">
  <testcase classname="qaclickacademy.RestApiTest" name="deleteTwitter" time="0.01"/>
  <testcase classname="qaclickacademy.RestApiTest" name="postJira" time="0.006"/>
  <testcase classname="qaclickacademy.SeleniumTest" name="sleniumTest" time="0.004"/>
  <testcase classname="qaclickacademy.SeleniumTest" name="uiInternal" time="0.003"/>
</testsuite> <!-- Test -->
