<?xml version="1.0" encoding="UTF-8"?>
<!-- Generated by org.testng.reporters.JUnitXMLReporter -->
<testsuite hostname="Surya" ignored="0" name="Command line test" tests="4" failures="0" timestamp="2021-05-18T19:33:44 IST" time="0.078" errors="0">
  <testcase name="deleteTwitter" time="0.015" classname="qaclickacademy.RestApiTest"/>
  <testcase name="postJira" time="0.0" classname="qaclickacademy.RestApiTest"/>
  <testcase name="sleniumTest" time="0.0" classname="qaclickacademy.SeleniumTest"/>
  <testcase name="uiInternal" time="0.0" classname="qaclickacademy.SeleniumTest"/>
</testsuite> <!-- Command line test -->
