<?xml version="1.0" encoding="UTF-8"?>
<!-- Generated by org.testng.reporters.JUnitXMLReporter -->
<testsuite hostname="Surya" ignored="0" name="Test" tests="4" failures="0" timestamp="2021-05-17T22:32:06 IST" time="0.055" errors="0">
  <testcase name="deleteTwitter" time="0.007" classname="qaclickacademy.RestApiTest"/>
  <testcase name="postJira" time="0.001" classname="qaclickacademy.RestApiTest"/>
  <testcase name="sleniumTest" time="0.0" classname="qaclickacademy.SeleniumTest"/>
  <testcase name="uiInternal" time="0.001" classname="qaclickacademy.SeleniumTest"/>
</testsuite> <!-- Test -->
