<?xml version="1.0" encoding="UTF-8"?>
<testng-results skipped="0" failed="0" ignored="0" total="4" passed="4">
  <reporter-output>
  </reporter-output>
  <suite name="Command line suite" duration-ms="78" started-at="2021-05-18T19:33:44 IST" finished-at="2021-05-18T19:33:44 IST">
    <groups>
    </groups>
    <test name="Command line test" duration-ms="78" started-at="2021-05-18T19:33:44 IST" finished-at="2021-05-18T19:33:44 IST">
      <class name="qaclickacademy.SeleniumTest">
        <test-method status="PASS" signature="sleniumTest()[pri:0, instance:qaclickacademy.SeleniumTest@20322d26]" name="sleniumTest" duration-ms="0" started-at="2021-05-18T19:33:44 IST" finished-at="2021-05-18T19:33:44 IST">
          <reporter-output>
          </reporter-output>
        </test-method> <!-- sleniumTest -->
        <test-method status="PASS" signature="uiInternal()[pri:0, instance:qaclickacademy.SeleniumTest@20322d26]" name="uiInternal" duration-ms="0" started-at="2021-05-18T19:33:44 IST" finished-at="2021-05-18T19:33:44 IST">
          <reporter-output>
          </reporter-output>
        </test-method> <!-- uiInternal -->
      </class> <!-- qaclickacademy.SeleniumTest -->
      <class name="qaclickacademy.RestApiTest">
        <test-method status="PASS" signature="deleteTwitter()[pri:0, instance:qaclickacademy.RestApiTest@ff5b51f]" name="deleteTwitter" duration-ms="15" started-at="2021-05-18T19:33:44 IST" finished-at="2021-05-18T19:33:44 IST">
          <reporter-output>
          </reporter-output>
        </test-method> <!-- deleteTwitter -->
        <test-method status="PASS" signature="postJira()[pri:0, instance:qaclickacademy.RestApiTest@ff5b51f]" name="postJira" duration-ms="0" started-at="2021-05-18T19:33:44 IST" finished-at="2021-05-18T19:33:44 IST">
          <reporter-output>
          </reporter-output>
        </test-method> <!-- postJira -->
      </class> <!-- qaclickacademy.RestApiTest -->
    </test> <!-- Command line test -->
  </suite> <!-- Command line suite -->
</testng-results>
