<?xml version="1.0" encoding="UTF-8"?>
<testng-results ignored="0" total="4" passed="4" failed="0" skipped="0">
  <reporter-output>
  </reporter-output>
  <suite started-at="2021-05-19T11:28:46 IST" name="Suite" finished-at="2021-05-19T11:28:46 IST" duration-ms="89">
    <groups>
    </groups>
    <test started-at="2021-05-19T11:28:46 IST" name="Test" finished-at="2021-05-19T11:28:46 IST" duration-ms="89">
      <class name="qaclickacademy.SeleniumTest">
        <test-method signature="sleniumTest()[pri:0, instance:qaclickacademy.SeleniumTest@4386f16]" started-at="2021-05-19T11:28:46 IST" name="sleniumTest" finished-at="2021-05-19T11:28:46 IST" duration-ms="4" status="PASS">
          <reporter-output>
          </reporter-output>
        </test-method> <!-- sleniumTest -->
        <test-method signature="uiInternal()[pri:0, instance:qaclickacademy.SeleniumTest@4386f16]" started-at="2021-05-19T11:28:46 IST" name="uiInternal" finished-at="2021-05-19T11:28:46 IST" duration-ms="3" status="PASS">
          <reporter-output>
          </reporter-output>
        </test-method> <!-- uiInternal -->
      </class> <!-- qaclickacademy.SeleniumTest -->
      <class name="qaclickacademy.RestApiTest">
        <test-method signature="deleteTwitter()[pri:0, instance:qaclickacademy.RestApiTest@5ccddd20]" started-at="2021-05-19T11:28:46 IST" name="deleteTwitter" finished-at="2021-05-19T11:28:46 IST" duration-ms="10" status="PASS">
          <reporter-output>
          </reporter-output>
        </test-method> <!-- deleteTwitter -->
        <test-method signature="postJira()[pri:0, instance:qaclickacademy.RestApiTest@5ccddd20]" started-at="2021-05-19T11:28:46 IST" name="postJira" finished-at="2021-05-19T11:28:46 IST" duration-ms="6" status="PASS">
          <reporter-output>
          </reporter-output>
        </test-method> <!-- postJira -->
      </class> <!-- qaclickacademy.RestApiTest -->
    </test> <!-- Test -->
  </suite> <!-- Suite -->
</testng-results>
